0.001 ID= 2      Ask
0.001 ID= 1      Ask
0.001 ID= 3      Ask
0.001 ID= 4      Ask
0.002 ID= 5      Ask
0.002 ID= 6      Ask
0.002 ID= 9      Ask
0.002 ID=10      Ask
0.002 ID= 8      Ask
0.002 ID=11      Ask
0.002 ID=12      Ask
0.002 ID=15      Ask
0.002 ID=16      Ask
0.002 ID=17      Ask
0.002 ID=13      Ask
0.003 ID=18      Ask
0.003 ID=14      Ask
0.003 ID=20      Ask
0.003 ID=22      Ask
0.003 ID=24      Ask
0.003 ID=19      Ask
0.003 ID=21      Ask
0.003 ID=25      Ask
0.003 ID=23      Ask
0.003 ID=31      Ask
0.003 ID=30      Ask
0.004 ID=33      Ask
0.004 ID=34      Ask
0.004 ID=35      Ask
0.004 ID=36      Ask
0.004 ID=37      Ask
0.004 ID=38      Ask
0.004 ID=39      Ask
0.004 ID=41      Ask
0.004 ID=42      Ask
0.004 ID=44      Ask
0.004 ID=43      Ask
0.004 ID=45      Ask
0.005 ID=46      Ask
0.005 ID=47      Ask
0.005 ID=48      Ask
0.005 ID=49      Ask
0.005 ID=50      Ask
0.005 ID=51      Ask
0.005 ID=52      Ask
0.005 ID=53      Ask
0.005 ID=54      Ask
0.005 ID=55      Ask
0.005 ID=56      Ask
0.005 ID=57      Ask
0.005 ID=58      Ask
0.005 ID=59      Ask
0.006 ID=60      Ask
0.006 ID=61      Ask
0.006 ID=62      Ask
0.006 ID=63      Ask
0.006 ID=64      Ask
0.006 ID=65      Ask
0.006 ID=66      Ask
0.006 ID=67      Ask
0.006 ID=68      Ask
0.006 ID=69      Ask
0.006 ID=70      Ask
0.006 ID=71      Ask
0.006 ID=72      Ask
0.006 ID=73      Ask
0.007 ID=74      Ask
0.007 ID=75      Ask
0.007 ID=26      Ask
0.007 ID=27      Ask
0.007 ID=28      Ask
0.007 ID=29      Ask
0.007 ID=32      Ask
0.007 ID=40      Ask
0.007 ID=76      Ask
0.007 ID=77      Ask
0.007 ID=78      Ask
0.007 ID=79      Ask
0.007 ID=80      Ask
0.007 ID= 7      Ask
0.007 ID=81      Ask
0.007 ID=82      Ask
0.007 ID=83      Ask
0.007 ID=84      Ask
0.007 ID=85      Ask
0.007 ID=86      Ask
0.007 ID=87      Ask
0.007 ID=88      Ask
0.007 ID=89      Ask
0.007 ID=90      Ask
0.007 ID=91      Ask
0.007 ID= 0 Q= 1 Work         1
0.007 ID= 0 Q= 2 Work         2
0.007 ID= 2 Q= 1 Receive      1
0.007 ID= 1 Q= 0 Receive      2
0.007 ID= 0 Q= 1 Work         3
0.007 ID= 0 Q= 2 Work         4
0.007 ID= 3 Q= 1 Receive      3
0.007 ID= 0 Q= 2 Work         5
0.007 ID= 0 Q= 3 Work         6
0.007 ID= 0      Sleep        5
0.007 ID= 4 Q= 2 Receive      4
0.008 ID=92      Ask
0.008 ID=92 Q= 1 Receive      5
0.009 ID= 2      Complete     1
0.009 ID= 2      Ask
0.009 ID= 2 Q= 0 Receive      6
0.010 ID= 1      Complete     2
0.010 ID= 1      Ask
0.013 ID= 3      Complete     3
0.013 ID= 3      Ask
0.015 ID= 4      Complete     4
0.015 ID= 4      Ask
0.018 ID=97      Ask
0.018 ID=96      Ask
0.018 ID=95      Ask
0.018 ID=94      Ask
0.018 ID=93      Ask
0.018 ID=98      Ask
0.018 ID=99      Ask
0.018 ID=100      Ask
0.023 ID=92      Complete     5
0.023 ID=92      Ask
0.025 ID= 2      Complete     6
0.025 ID= 2      Ask
0.025 ID= 0      Sleep        8
0.025 ID= 0      Sleep        1
0.025 ID= 0 Q= 1 Work         7
0.025 ID= 0 Q= 2 Work         8
0.025 ID= 0 Q= 3 Work         9
0.025 ID= 0 Q= 4 Work        10
0.025 ID= 9 Q= 3 Receive      7
0.025 ID= 8 Q= 2 Receive      8
0.025 ID= 0 Q= 3 Work        11
0.025 ID=10 Q= 2 Receive      9
0.025 ID= 0 Q= 3 Work        12
0.025 ID=12 Q= 2 Receive     10
0.025 ID=15 Q= 1 Receive     11
0.025 ID= 0 Q= 2 Work        13
0.025 ID=11 Q= 1 Receive     12
0.067 ID= 9      Complete     7
0.067 ID= 9      Ask
0.070 ID= 0 Q= 2 Work        14
0.070 ID=16 Q= 1 Receive     13
0.070 ID=17 Q= 0 Receive     14
0.087 ID=10      Complete     9
0.087 ID=10      Ask
0.088 ID= 0 Q= 1 Work        15
0.088 ID= 0 Q= 2 Work        16
0.088 ID= 0 Q= 3 Work        17
0.088 ID= 0 Q= 4 Work        18
0.088 ID= 0 Q= 5 Work        19
0.089 ID= 0      Sleep       10
0.089 ID=22 Q= 4 Receive     15
0.089 ID=20 Q= 3 Receive     16
0.091 ID=12      Complete    10
0.091 ID=12      Ask
0.091 ID=12 Q= 2 Receive     17
0.095 ID=15      Complete    11
0.095 ID=15      Ask
0.095 ID=15 Q= 1 Receive     18
0.134 ID=14 Q= 0 Receive     19
0.136 ID=16      Complete    13
0.136 ID=16      Ask
0.139 ID=17      Complete    14
0.139 ID=17      Ask
0.158 ID=11      Complete    12
0.158 ID=11      Ask
0.160 ID= 8      Complete     8
0.160 ID= 8      Ask
0.161 ID=22      Complete    15
0.161 ID=22      Ask
0.164 ID=12      Complete    17
0.164 ID=12      Ask
0.174 ID=15      Complete    18
0.174 ID=15      Ask
0.177 ID=20      Complete    16
0.177 ID=20      Ask
0.183 ID=14      Complete    19
0.183 ID=14      Ask
0.183 ID= 0 Q= 1 Work        99
0.183 ID= 0 Q= 2 Work         1
0.183 ID= 0 Q= 3 Work         2
0.183 ID= 0 Q= 4 Work         3
0.183 ID= 0 Q= 5 Work         4
0.183 ID= 0 Q= 6 Work         5
0.183 ID= 0 Q= 7 Work         6
0.183 ID= 0      Sleep        5
0.183 ID=24 Q= 6 Receive     99
0.184 ID=21 Q= 5 Receive      1
0.184 ID=25 Q= 4 Receive      2
0.184 ID=30 Q= 3 Receive      3
0.184 ID=23 Q= 2 Receive      4
0.184 ID=31 Q= 1 Receive      5
0.186 ID=21      Complete     1
0.186 ID=21      Ask
0.191 ID=25      Complete     2
0.191 ID=25      Ask
0.192 ID=19 Q= 0 Receive      6
0.200 ID=30      Complete     3
0.200 ID=30      Ask
0.203 ID=23      Complete     4
0.203 ID=23      Ask
0.206 ID=31      Complete     5
0.206 ID=31      Ask
0.217 ID=19      Complete     6
0.217 ID=19      Ask
0.257 ID= 0      Sleep        8
0.305 ID=24      Complete    99
0.305 ID=24      Ask
0.305 ID= 0      Sleep        1
0.305 ID= 0 Q= 1 Work         7
0.305 ID= 0 Q= 2 Work         8
0.305 ID= 0 Q= 3 Work         9
0.305 ID= 0 Q= 4 Work        10
0.305 ID= 0 Q= 5 Work        11
0.305 ID= 0 Q= 6 Work        12
0.305 ID= 0 Q= 7 Work        13
0.305 ID= 0 Q= 8 Work        14
0.305 ID= 0 Q= 9 Work        15
0.305 ID=33 Q= 8 Receive      7
0.305 ID=41 Q= 7 Receive      8
0.305 ID=34 Q= 6 Receive      9
0.305 ID=42 Q= 5 Receive     10
0.305 ID=37 Q= 4 Receive     11
0.305 ID=36 Q= 3 Receive     12
0.342 ID=39 Q= 2 Receive     13
0.342 ID=33      Complete     7
0.342 ID=33      Ask
0.342 ID= 0 Q= 3 Work        16
0.342 ID= 0 Q= 4 Work        17
0.342 ID= 0 Q= 5 Work        18
0.342 ID=43 Q= 4 Receive     14
0.342 ID=44 Q= 3 Receive     15
0.344 ID=34      Complete     9
0.344 ID=34      Ask
0.344 ID=34 Q= 2 Receive     16
0.348 ID=37      Complete    11
0.348 ID=37      Ask
0.365 ID=35 Q= 1 Receive     17
0.366 ID= 0 Q= 2 Work        19
0.366 ID= 0      Sleep       10
0.366 ID=46 Q= 1 Receive     18
0.366 ID=38 Q= 0 Receive     19
0.366 ID=36      Complete    12
0.366 ID=36      Ask
0.370 ID=42      Complete    10
0.370 ID=42      Ask
0.392 ID=39      Complete    13
0.392 ID=39      Ask
0.409 ID=41      Complete     8
0.409 ID=41      Ask
0.411 ID=44      Complete    15
0.411 ID=44      Ask
0.436 ID=38      Complete    19
0.436 ID=38      Ask
0.448 ID=43      Complete    14
0.448 ID=43      Ask
0.448 ID=35      Complete    17
0.448 ID=35      Ask
0.456 ID=34      Complete    16
0.456 ID=34      Ask
0.457 ID=46      Complete    18
0.457 ID=46      Ask
0.457 ID= 0 Q= 1 Work        99
0.457 ID= 0 Q= 2 Work         1
0.457 ID= 0 Q= 3 Work         2
0.457 ID= 0 Q= 4 Work         3
0.457 ID=47 Q= 3 Receive     99
0.457 ID=49 Q= 2 Receive      1
0.457 ID= 0 Q= 3 Work         4
0.457 ID=48 Q= 2 Receive      2
0.458 ID= 0 Q= 3 Work         5
0.458 ID=51 Q= 2 Receive      3
0.458 ID=52 Q= 1 Receive      4
0.458 ID= 0 Q= 2 Work         6
0.458 ID= 0      Sleep        5
0.458 ID=50 Q= 1 Receive      5
0.479 ID=49      Complete     1
0.479 ID=49      Ask
0.479 ID=49 Q= 0 Receive      6
0.502 ID=48      Complete     2
0.502 ID=48      Ask
0.506 ID=51      Complete     3
0.506 ID=51      Ask
0.525 ID=52      Complete     4
0.525 ID=52      Ask
0.540 ID=50      Complete     5
0.540 ID=50      Ask
0.557 ID=49      Complete     6
0.557 ID=49      Ask
0.581 ID= 0      Sleep        8
0.646 ID=47      Complete    99
0.646 ID=47      Ask
0.646 ID= 0      Sleep        1
0.646 ID= 0 Q= 1 Work         7
0.646 ID= 0 Q= 2 Work         8
0.646 ID= 0 Q= 3 Work         9
0.646 ID= 0 Q= 4 Work        10
0.646 ID= 0 Q= 5 Work        11
0.646 ID= 0 Q= 6 Work        12
0.646 ID= 0 Q= 7 Work        13
0.646 ID= 0 Q= 8 Work        14
0.646 ID= 0 Q= 9 Work        15
0.646 ID= 0 Q=10 Work        16
0.646 ID=54 Q= 9 Receive      7
0.646 ID=55 Q= 8 Receive      8
0.646 ID= 0 Q= 9 Work        17
0.646 ID=56 Q= 8 Receive      9
0.646 ID=64 Q= 7 Receive     10
0.646 ID=57 Q= 6 Receive     11
0.646 ID= 0 Q= 7 Work        18
0.646 ID= 0 Q= 8 Work        19
0.646 ID= 0      Sleep       10
0.646 ID=58 Q= 7 Receive     12
0.661 ID=59 Q= 6 Receive     13
0.664 ID=54      Complete     7
0.664 ID=54      Ask
0.664 ID=54 Q= 5 Receive     14
0.685 ID=60 Q= 4 Receive     15
0.685 ID=56      Complete     9
0.685 ID=56      Ask
0.685 ID=56 Q= 3 Receive     16
0.687 ID=64      Complete    10
0.687 ID=64      Ask
0.687 ID=64 Q= 2 Receive     17
0.689 ID=57      Complete    11
0.689 ID=57      Ask
0.689 ID=57 Q= 1 Receive     18
0.692 ID=58      Complete    12
0.692 ID=58      Ask
0.692 ID=58 Q= 0 Receive     19
0.713 ID=55      Complete     8
0.713 ID=55      Ask
0.735 ID=54      Complete    14
0.735 ID=54      Ask
0.756 ID=56      Complete    16
0.756 ID=56      Ask
0.758 ID=59      Complete    13
0.758 ID=59      Ask
0.761 ID=64      Complete    17
0.761 ID=64      Ask
0.772 ID=57      Complete    18
0.772 ID=57      Ask
0.774 ID=58      Complete    19
0.774 ID=58      Ask
0.779 ID=60      Complete    15
0.779 ID=60      Ask
0.779 ID= 0 Q= 1 Work        99
0.779 ID= 0 Q= 2 Work         1
0.779 ID= 0 Q= 3 Work         2
0.779 ID= 0 Q= 4 Work         3
0.779 ID= 0 Q= 5 Work         4
0.779 ID= 0 Q= 6 Work         5
0.779 ID= 0 Q= 7 Work         6
0.779 ID= 0      Sleep        5
0.779 ID=67 Q= 6 Receive     99
0.779 ID=73 Q= 5 Receive      1
0.779 ID=71 Q= 4 Receive      2
0.779 ID=68 Q= 3 Receive      3
0.779 ID=69 Q= 2 Receive      4
0.779 ID=70 Q= 1 Receive      5
0.780 ID=73      Complete     1
0.780 ID=73      Ask
0.780 ID=73 Q= 0 Receive      6
0.782 ID=71      Complete     2
0.782 ID=71      Ask
0.791 ID=68      Complete     3
0.791 ID=68      Ask
0.793 ID=69      Complete     4
0.793 ID=69      Ask
0.796 ID=70      Complete     5
0.796 ID=70      Ask
0.804 ID=73      Complete     6
0.804 ID=73      Ask
0.848 ID= 0      Sleep        8
0.884 ID=67      Complete    99
0.884 ID=67      Ask
0.884 ID= 0      Sleep        1
0.884 ID= 0 Q= 1 Work         7
0.884 ID= 0 Q= 2 Work         8
0.884 ID= 0 Q= 3 Work         9
0.884 ID= 0 Q= 4 Work        10
0.884 ID= 0 Q= 5 Work        11
0.884 ID= 0 Q= 6 Work        12
0.884 ID= 0 Q= 7 Work        13
0.884 ID= 0 Q= 8 Work        14
0.884 ID=74 Q= 7 Receive      7
0.884 ID= 0 Q= 8 Work        15
0.884 ID= 0 Q= 9 Work        16
0.884 ID= 0 Q=10 Work        17
0.884 ID=27 Q= 9 Receive      8
0.884 ID=78 Q= 8 Receive      9
0.884 ID=75 Q= 7 Receive     10
0.884 ID=28 Q= 6 Receive     11
0.884 ID= 0 Q= 7 Work        18
0.885 ID= 0 Q= 8 Work        19
0.885 ID= 0      Sleep       10
0.885 ID=77 Q= 7 Receive     12
0.894 ID=79 Q= 6 Receive     13
0.918 ID=80 Q= 5 Receive     14
0.918 ID=76 Q= 4 Receive     15
0.923 ID=74      Complete     7
0.923 ID=74      Ask
0.924 ID=32 Q= 3 Receive     16
0.926 ID=27      Complete     8
0.926 ID=27      Ask
0.926 ID=29 Q= 2 Receive     17
0.942 ID=75      Complete    10
0.942 ID=75      Ask
0.942 ID=40 Q= 1 Receive     18
0.943 ID=28      Complete    11
0.943 ID=28      Ask
0.966 ID=26 Q= 0 Receive     19
0.973 ID=78      Complete     9
0.973 ID=78      Ask
0.977 ID=80      Complete    14
0.977 ID=80      Ask
0.991 ID=32      Complete    16
0.991 ID=32      Ask
1.007 ID=79      Complete    13
1.007 ID=79      Ask
1.009 ID=29      Complete    17
1.009 ID=29      Ask
1.013 ID=40      Complete    18
1.013 ID=40      Ask
1.019 ID=76      Complete    15
1.019 ID=76      Ask
1.020 ID=77      Complete    12
1.020 ID=77      Ask
1.027 ID=26      Complete    19
1.027 ID=26      Ask
1.027 ID= 0 Q= 1 Work        99
1.027 ID= 0 Q= 2 Work         1
1.027 ID= 0 Q= 3 Work         2
1.027 ID= 0 Q= 4 Work         3
1.027 ID= 0 Q= 5 Work         4
1.027 ID= 0 Q= 6 Work         5
1.027 ID= 7 Q= 5 Receive     99
1.027 ID= 0 Q= 6 Work         6
1.027 ID=84 Q= 5 Receive      1
1.027 ID= 0      Sleep        5
1.027 ID=86 Q= 4 Receive      2
1.027 ID=81 Q= 3 Receive      3
1.027 ID=82 Q= 2 Receive      4
1.027 ID=83 Q= 1 Receive      5
1.034 ID=84      Complete     1
1.034 ID=84      Ask
1.034 ID=84 Q= 0 Receive      6
1.039 ID=86      Complete     2
1.039 ID=86      Ask
1.056 ID=81      Complete     3
1.056 ID=81      Ask
1.058 ID=82      Complete     4
1.058 ID=82      Ask
1.071 ID=83      Complete     5
1.071 ID=83      Ask
1.080 ID=84      Complete     6
1.080 ID=84      Ask
1.116 ID= 0      Sleep        8
1.175 ID= 7      Complete    99
1.175 ID= 7      Ask
1.175 ID= 0      Sleep        1
1.175 ID= 0 Q= 1 Work         7
1.175 ID= 0 Q= 2 Work         8
1.175 ID=87 Q= 1 Receive      7
1.175 ID=88 Q= 0 Receive      8
1.175 ID= 0 Q= 1 Work         9
1.175 ID= 0 Q= 2 Work        10
1.175 ID=89 Q= 1 Receive      9
1.175 ID=90 Q= 0 Receive     10
1.175 ID= 0 Q= 1 Work        11
1.175 ID= 0 Q= 2 Work        12
1.175 ID= 0 Q= 3 Work        13
1.175 ID= 0 Q= 4 Work        14
1.175 ID= 0 Q= 5 Work        15
1.175 ID= 0 Q= 6 Work        16
1.175 ID= 0 Q= 7 Work        17
1.175 ID= 0 Q= 8 Work        18
1.175 ID= 0 Q= 9 Work        19
1.175 ID= 0      Sleep       10
1.175 ID=91 Q= 8 Receive     11
1.175 ID= 1 Q= 7 Receive     12
1.203 ID= 4 Q= 6 Receive     13
1.204 ID=88      Complete     8
1.204 ID=88      Ask
1.204 ID=88 Q= 5 Receive     14
1.207 ID=89      Complete     9
1.207 ID=89      Ask
1.207 ID=89 Q= 4 Receive     15
1.210 ID=90      Complete    10
1.210 ID=90      Ask
1.210 ID=90 Q= 3 Receive     16
1.227 ID= 5 Q= 2 Receive     17
1.227 ID= 6 Q= 1 Receive     18
1.227 ID=91      Complete    11
1.227 ID=91      Ask
1.228 ID= 1      Complete    12
1.228 ID= 1      Ask
1.230 ID=87      Complete     7
1.230 ID=87      Ask
1.251 ID= 4      Complete    13
1.251 ID= 4      Ask
1.254 ID= 3 Q= 0 Receive     19
1.268 ID=88      Complete    14
1.268 ID=88      Ask
1.271 ID=89      Complete    15
1.271 ID=89      Ask
1.288 ID= 5      Complete    17
1.288 ID= 5      Ask
1.290 ID= 6      Complete    18
1.290 ID= 6      Ask
1.302 ID=90      Complete    16
1.302 ID=90      Ask
1.308 ID= 3      Complete    19
1.308 ID= 3      Ask
1.308 ID= 0 Q= 1 Work        99
1.308 ID= 0 Q= 2 Work         1
1.308 ID=94 Q= 1 Receive     99
1.308 ID= 0 Q= 2 Work         2
1.308 ID= 0 Q= 3 Work         3
1.308 ID= 0 Q= 4 Work         4
1.308 ID= 0 Q= 5 Work         5
1.308 ID= 0 Q= 6 Work         6
1.308 ID=99 Q= 5 Receive      1
1.308 ID= 0      Sleep        5
1.308 ID=93 Q= 4 Receive      2
1.308 ID=92 Q= 3 Receive      3
1.308 ID=98 Q= 2 Receive      4
1.308 ID=100 Q= 1 Receive      5
1.312 ID=99      Complete     1
1.312 ID=99      Ask
1.333 ID=93      Complete     2
1.333 ID=93      Ask
1.333 ID= 2 Q= 0 Receive      6
1.352 ID=92      Complete     3
1.352 ID=92      Ask
1.369 ID=98      Complete     4
1.369 ID=98      Ask
1.372 ID=100      Complete     5
1.372 ID=100      Ask
1.398 ID= 2      Complete     6
1.398 ID= 2      Ask
1.422 ID= 0      Sleep        8
1.487 ID=94      Complete    99
1.487 ID=94      Ask
1.487 ID= 0      Sleep        1
1.487 ID= 0 Q= 1 Work         7
1.487 ID= 0 Q= 2 Work         8
1.487 ID= 0 Q= 3 Work         9
1.487 ID= 0 Q= 4 Work        10
1.487 ID= 0 Q= 5 Work        11
1.487 ID= 0 Q= 6 Work        12
1.487 ID= 0 Q= 7 Work        13
1.487 ID= 0 Q= 8 Work        14
1.487 ID= 0 Q= 9 Work        15
1.487 ID=11 Q= 8 Receive      7
1.487 ID=17 Q= 7 Receive      8
1.487 ID= 9 Q= 6 Receive      9
1.487 ID=18 Q= 5 Receive     10
1.487 ID= 8 Q= 4 Receive     11
1.487 ID=16 Q= 3 Receive     12
1.512 ID=11      Complete     7
1.512 ID=11      Ask
1.515 ID=17      Complete     8
1.515 ID=17      Ask
1.518 ID= 9      Complete     9
1.518 ID= 9      Ask
1.522 ID=18      Complete    10
1.522 ID=18      Ask
1.526 ID= 0 Q= 4 Work        16
1.526 ID= 0 Q= 5 Work        17
1.526 ID= 0 Q= 6 Work        18
1.530 ID= 0 Q= 7 Work        19
1.530 ID=10 Q= 6 Receive     13
1.530 ID= 0      Sleep       10
1.530 ID=15 Q= 5 Receive     14
1.530 ID=14 Q= 4 Receive     15
1.530 ID=22 Q= 3 Receive     16
1.530 ID=12 Q= 2 Receive     17
1.531 ID=16      Complete    12
1.531 ID=16      Ask
1.552 ID=13 Q= 1 Receive     18
1.573 ID=10      Complete    13
1.573 ID=10      Ask
1.574 ID= 8      Complete    11
1.574 ID= 8      Ask
1.577 ID=15      Complete    14
1.577 ID=15      Ask
1.590 ID=20 Q= 0 Receive     19
1.591 ID=22      Complete    16
1.591 ID=22      Ask
1.605 ID=14      Complete    15
1.605 ID=14      Ask
1.609 ID=13      Complete    18
1.609 ID=13      Ask
1.611 ID=12      Complete    17
1.611 ID=12      Ask
1.619 ID=20      Complete    19
1.619 ID=20      Ask
1.619 ID= 0 Q= 1 Work        99
1.619 ID= 0 Q= 2 Work         1
1.619 ID= 0 Q= 3 Work         2
1.619 ID= 0 Q= 4 Work         3
1.619 ID= 0 Q= 5 Work         4
1.619 ID= 0 Q= 6 Work         5
1.619 ID= 0 Q= 7 Work         6
1.619 ID= 0      Sleep        5
1.619 ID=21 Q= 6 Receive     99
1.619 ID=30 Q= 5 Receive      1
1.619 ID=31 Q= 4 Receive      2
1.619 ID=23 Q= 3 Receive      3
1.619 ID=25 Q= 2 Receive      4
1.619 ID=19 Q= 1 Receive      5
1.621 ID=30      Complete     1
1.621 ID=30      Ask
1.621 ID=30 Q= 0 Receive      6
1.624 ID=31      Complete     2
1.624 ID=31      Ask
1.641 ID=23      Complete     3
1.641 ID=23      Ask
1.644 ID=25      Complete     4
1.644 ID=25      Ask
1.648 ID=19      Complete     5
1.648 ID=19      Ask
1.659 ID=30      Complete     6
1.659 ID=30      Ask
1.699 ID= 0      Sleep        8
1.753 ID=21      Complete    99
1.753 ID=21      Ask
1.753 ID= 0      Sleep        1
1.753 ID= 0 Q= 1 Work         7
1.753 ID= 0 Q= 2 Work         8
1.753 ID= 0 Q= 3 Work         9
1.753 ID= 0 Q= 4 Work        10
1.753 ID= 0 Q= 5 Work        11
1.753 ID= 0 Q= 6 Work        12
1.753 ID= 0 Q= 7 Work        13
1.753 ID= 0 Q= 8 Work        14
1.753 ID= 0 Q= 9 Work        15
1.753 ID= 0 Q=10 Work        16
1.753 ID=44 Q= 9 Receive      7
1.753 ID=39 Q= 8 Receive      8
1.753 ID=42 Q= 7 Receive      9
1.753 ID=37 Q= 6 Receive     10
1.754 ID=36 Q= 5 Receive     11
1.754 ID=41 Q= 4 Receive     12
1.771 ID=43 Q= 3 Receive     13
1.773 ID=44      Complete     7
1.773 ID=44      Ask
1.777 ID=39      Complete     8
1.777 ID=39      Ask
1.777 ID=33 Q= 2 Receive     14
1.794 ID=37      Complete    10
1.794 ID=37      Ask
1.794 ID=38 Q= 1 Receive     15
1.797 ID=36      Complete    11
1.797 ID=36      Ask
1.800 ID=41      Complete    12
1.800 ID=41      Ask
1.803 ID=45 Q= 0 Receive     16
1.814 ID=43      Complete    13
1.814 ID=43      Ask
1.830 ID=42      Complete     9
1.830 ID=42      Ask
1.832 ID=33      Complete    14
1.832 ID=33      Ask
1.832 ID= 0 Q= 1 Work        17
1.832 ID= 0 Q= 2 Work        18
1.832 ID= 0 Q= 3 Work        19
1.832 ID= 0      Sleep       10
1.832 ID=34 Q= 2 Receive     17
1.832 ID=35 Q= 1 Receive     18
1.832 ID=46 Q= 0 Receive     19
1.846 ID=38      Complete    15
1.846 ID=38      Ask
1.849 ID=45      Complete    16
1.849 ID=45      Ask
1.877 ID=34      Complete    17
1.877 ID=34      Ask
1.885 ID=35      Complete    18
1.885 ID=35      Ask
1.886 ID=46      Complete    19
1.886 ID=46      Ask
1.886 ID= 0 Q= 1 Work        99
1.886 ID= 0 Q= 2 Work         1
1.886 ID= 0 Q= 3 Work         2
1.886 ID= 0 Q= 4 Work         3
1.886 ID=48 Q= 3 Receive     99
1.886 ID=53 Q= 2 Receive      1
1.886 ID=51 Q= 1 Receive      2
1.887 ID=52 Q= 0 Receive      3
1.887 ID= 0 Q= 1 Work         4
1.887 ID= 0 Q= 2 Work         5
1.887 ID= 0 Q= 3 Work         6
1.887 ID= 0      Sleep        5
1.887 ID=50 Q= 2 Receive      4
1.887 ID=49 Q= 1 Receive      5
1.895 ID=53      Complete     1
1.895 ID=53      Ask
1.895 ID=53 Q= 0 Receive      6
1.919 ID=51      Complete     2
1.919 ID=51      Ask
1.941 ID=52      Complete     3
1.941 ID=52      Ask
1.959 ID=50      Complete     4
1.959 ID=50      Ask
1.972 ID=49      Complete     5
1.972 ID=49      Ask
1.984 ID=53      Complete     6
1.984 ID=53      Ask
2.012 ID= 0      Sleep        8
2.074 ID=48      Complete    99
2.074 ID=48      Ask
2.074 ID= 0      Sleep        1
2.074 ID= 0 Q= 1 Work         7
2.074 ID= 0 Q= 2 Work         8
2.075 ID= 0 Q= 3 Work         9
2.075 ID= 0 Q= 4 Work        10
2.075 ID=61 Q= 3 Receive      7
2.075 ID=63 Q= 2 Receive      8
2.075 ID=62 Q= 1 Receive      9
2.075 ID= 0 Q= 2 Work        11
2.075 ID= 0 Q= 3 Work        12
2.075 ID= 0 Q= 4 Work        13
2.075 ID=65 Q= 3 Receive     10
2.075 ID= 0 Q= 4 Work        14
2.075 ID=66 Q= 3 Receive     11
2.075 ID= 0 Q= 4 Work        15
2.075 ID= 0 Q= 5 Work        16
2.075 ID= 0 Q= 6 Work        17
2.075 ID= 0 Q= 7 Work        18
2.075 ID= 0 Q= 8 Work        19
2.075 ID= 0      Sleep       10
2.075 ID=59 Q= 7 Receive     12
2.078 ID=64 Q= 6 Receive     13
2.098 ID=55 Q= 5 Receive     14
2.100 ID=63      Complete     8
2.100 ID=63      Ask
2.100 ID=63 Q= 4 Receive     15
2.103 ID=62      Complete     9
2.103 ID=62      Ask
2.103 ID=62 Q= 3 Receive     16
2.122 ID=58 Q= 2 Receive     17
2.122 ID=56 Q= 1 Receive     18
2.148 ID=61      Complete     7
2.148 ID=61      Ask
2.170 ID=54 Q= 0 Receive     19
2.171 ID=55      Complete    14
2.171 ID=55      Ask
2.174 ID=64      Complete    13
2.174 ID=64      Ask
2.176 ID=63      Complete    15
2.176 ID=63      Ask
2.179 ID=65      Complete    10
2.179 ID=65      Ask
2.181 ID=59      Complete    12
2.181 ID=59      Ask
2.186 ID=62      Complete    16
2.186 ID=62      Ask
2.191 ID=66      Complete    11
2.191 ID=66      Ask
2.193 ID=56      Complete    18
2.193 ID=56      Ask
2.197 ID=58      Complete    17
2.197 ID=58      Ask
2.207 ID=54      Complete    19
2.207 ID=54      Ask
2.207 ID= 0 Q= 1 Work        99
2.207 ID= 0 Q= 2 Work         1
2.207 ID= 0 Q= 3 Work         2
2.207 ID= 0 Q= 4 Work         3
2.207 ID= 0 Q= 5 Work         4
2.207 ID= 0 Q= 6 Work         5
2.207 ID= 0 Q= 7 Work         6
2.207 ID= 0      Sleep        5
2.207 ID=71 Q= 6 Receive     99
2.207 ID=68 Q= 5 Receive      1
2.207 ID=73 Q= 4 Receive      2
2.207 ID=69 Q= 3 Receive      3
2.207 ID=70 Q= 2 Receive      4
2.207 ID=72 Q= 1 Receive      5
2.209 ID=68      Complete     1
2.209 ID=68      Ask
2.211 ID=73      Complete     2
2.211 ID=73      Ask
2.225 ID=69      Complete     3
2.225 ID=69      Ask
2.228 ID=70      Complete     4
2.228 ID=70      Ask
2.236 ID=72      Complete     5
2.236 ID=72      Ask
2.236 ID=67 Q= 0 Receive      6
2.255 ID=67      Complete     6
2.255 ID=67      Ask
2.287 ID= 0      Sleep        8
2.339 ID=71      Complete    99
2.339 ID=71      Ask
2.339 ID= 0      Sleep        1
2.339 ID= 0 Q= 1 Work         7
2.339 ID= 0 Q= 2 Work         8
2.339 ID=74 Q= 1 Receive      7
2.339 ID= 0 Q= 2 Work         9
2.339 ID= 0 Q= 3 Work        10
2.339 ID= 0 Q= 4 Work        11
2.339 ID=28 Q= 3 Receive      8
2.339 ID=27 Q= 2 Receive      9
2.339 ID= 0 Q= 3 Work        12
2.339 ID= 0 Q= 4 Work        13
2.339 ID=75 Q= 3 Receive     10
2.339 ID= 0 Q= 4 Work        14
2.339 ID=78 Q= 3 Receive     11
2.339 ID=32 Q= 2 Receive     12
2.360 ID=74      Complete     7
2.360 ID=74      Ask
2.380 ID=28      Complete     8
2.380 ID=28      Ask
2.380 ID=27      Complete     9
2.380 ID=27      Ask
2.381 ID= 0 Q= 3 Work        15
2.381 ID=79 Q= 2 Receive     13
2.381 ID=80 Q= 1 Receive     14
2.381 ID=29 Q= 0 Receive     15
2.383 ID=75      Complete    10
2.383 ID=75      Ask
2.385 ID=78      Complete    11
2.385 ID=78      Ask
2.388 ID=32      Complete    12
2.388 ID=32      Ask
2.409 ID= 0 Q= 1 Work        16
2.409 ID= 0 Q= 2 Work        17
2.409 ID= 0 Q= 3 Work        18
2.409 ID=40 Q= 2 Receive     16
2.409 ID= 0 Q= 3 Work        19
2.409 ID= 0      Sleep       10
2.409 ID=26 Q= 2 Receive     17
2.409 ID=76 Q= 1 Receive     18
2.413 ID=80      Complete    14
2.413 ID=80      Ask
2.413 ID=80 Q= 0 Receive     19
2.430 ID=29      Complete    15
2.430 ID=29      Ask
2.433 ID=79      Complete    13
2.433 ID=79      Ask
2.465 ID=40      Complete    16
2.465 ID=40      Ask
2.466 ID=26      Complete    17
2.466 ID=26      Ask
2.469 ID=76      Complete    18
2.469 ID=76      Ask
2.475 ID=80      Complete    19
2.475 ID=80      Ask
2.475 ID= 0 Q= 1 Work        99
2.475 ID= 0      End
2.475 ID=86 Q= 0 Receive     99
2.578 ID=86      Complete    99
2.578 ID=86      Ask
Summary:
    Work        180
    Ask         280
    Receive     180
    Complete    180
    Sleep       36
    Thread  1    2
    Thread  2    3
    Thread  3    2
    Thread  4    2
    Thread  5    1
    Thread  6    1
    Thread  7    1
    Thread  8    2
    Thread  9    2
    Thread 10    2
    Thread 11    2
    Thread 12    3
    Thread 13    1
    Thread 14    2
    Thread 15    3
    Thread 16    2
    Thread 17    2
    Thread 18    1
    Thread 19    2
    Thread 20    2
    Thread 21    2
    Thread 22    2
    Thread 23    2
    Thread 24    1
    Thread 25    2
    Thread 26    2
    Thread 27    2
    Thread 28    2
    Thread 29    2
    Thread 30    3
    Thread 31    2
    Thread 32    2
    Thread 33    2
    Thread 34    3
    Thread 35    2
    Thread 36    2
    Thread 37    2
    Thread 38    2
    Thread 39    2
    Thread 40    2
    Thread 41    2
    Thread 42    2
    Thread 43    2
    Thread 44    2
    Thread 45    1
    Thread 46    2
    Thread 47    1
    Thread 48    2
    Thread 49    3
    Thread 50    2
    Thread 51    2
    Thread 52    2
    Thread 53    2
    Thread 54    3
    Thread 55    2
    Thread 56    3
    Thread 57    2
    Thread 58    3
    Thread 59    2
    Thread 60    1
    Thread 61    1
    Thread 62    2
    Thread 63    2
    Thread 64    3
    Thread 65    1
    Thread 66    1
    Thread 67    2
    Thread 68    2
    Thread 69    2
    Thread 70    2
    Thread 71    2
    Thread 72    1
    Thread 73    3
    Thread 74    2
    Thread 75    2
    Thread 76    2
    Thread 77    1
    Thread 78    2
    Thread 79    2
    Thread 80    3
    Thread 81    1
    Thread 82    1
    Thread 83    1
    Thread 84    2
    Thread 85    0
    Thread 86    2
    Thread 87    1
    Thread 88    2
    Thread 89    2
    Thread 90    2
    Thread 91    1
    Thread 92    2
    Thread 93    1
    Thread 94    1
    Thread 95    0
    Thread 96    0
    Thread 97    0
    Thread 98    1
    Thread 99    1
    Thread 100    1
Transactions per second: 69.81
